<?xml version="1.0" encoding="UTF-8"?>
<!-- Generated by org.testng.reporters.JUnitReportReporter -->
<testsuite hostname="DESKTOP-C4LC40M" failures="0" tests="5" name="TestLayer.HomePageTest" time="2.440" errors="0" timestamp="2023-04-01T16:04:43 IST" skipped="0">
  <testcase classname="TestLayer.HomePageTest" name="validateHomePageTitle" time="0.025"/>
  <system-out/>
  <testcase classname="TestLayer.HomePageTest" name="validateHomePageUrl" time="0.017"/>
  <system-out/>
  <testcase classname="TestLayer.HomePageTest" name="validateHomePageLogo" time="1.804"/>
  <system-out/>
  <testcase classname="TestLayer.HomePageTest" name="validateContactLink" time="0.263"/>
  <system-out/>
  <testcase classname="TestLayer.HomePageTest" name="validateDealsLink" time="0.331"/>
  <system-out/>
</testsuite> <!-- TestLayer.HomePageTest -->
